Build started 18/02/2013 18:25:43.
     1>Project "D:\Master Vision Artificial\BI\Practices\src\Prac1\Prac1\Prac1.vcxproj" on node 2 (rebuild target(s)).
     1>_PrepareForClean:
         Deleting file "Debug\Prac1.lastbuildstate".
       PrepareForBuild:
         Creating directory "D:\Master Vision Artificial\BI\Practices\src\Prac1\Debug\".
       InitializeBuildStatus:
         Creating "Debug\Prac1.unsuccessfulbuild" because "AlwaysCreate" was specified.
       ClCompile:
         C:\Program Files (x86)\Microsoft Visual Studio 10.0\VC\bin\CL.exe /c /I"D:\Master Vision Artificial\HSTI\opencv\build\include" /ZI /nologo /W3 /WX- /Od /Oy- /D _MBCS /Gm /EHsc /RTC1 /MDd /GS /fp:precise /Zc:wchar_t /Zc:forScope /Fo"Debug\\" /Fd"Debug\vc100.pdb" /Gd /TP /analyze- /errorReport:prompt ClassifierBI.cpp ClassifierLauncher.cpp Global.cpp main.cpp NBClassifierBI.cpp SVMClassifierBI.cpp SVMParamsBI.cpp
         SVMParamsBI.cpp
         SVMClassifierBI.cpp
         NBClassifierBI.cpp
         main.cpp
     1>d:\master vision artificial\bi\practices\src\prac1\prac1\main.cpp(27): warning C4244: 'argument' : conversion from 'double' to 'const float', possible loss of data
     1>d:\master vision artificial\bi\practices\src\prac1\prac1\main.cpp(30): warning C4996: 'strtok': This function or variable may be unsafe. Consider using strtok_s instead. To disable deprecation, use _CRT_SECURE_NO_WARNINGS. See online help for details.
                 c:\program files (x86)\microsoft visual studio 10.0\vc\include\string.h(197) : see declaration of 'strtok'
     1>d:\master vision artificial\bi\practices\src\prac1\prac1\main.cpp(59): warning C4996: 'strtok': This function or variable may be unsafe. Consider using strtok_s instead. To disable deprecation, use _CRT_SECURE_NO_WARNINGS. See online help for details.
                 c:\program files (x86)\microsoft visual studio 10.0\vc\include\string.h(197) : see declaration of 'strtok'
         Global.cpp
         ClassifierLauncher.cpp
     1>d:\master vision artificial\bi\practices\src\prac1\prac1\classifierlauncher.cpp(13): warning C4018: '<' : signed/unsigned mismatch
     1>d:\master vision artificial\bi\practices\src\prac1\prac1\classifierlauncher.cpp(28): warning C4018: '<' : signed/unsigned mismatch
         ClassifierBI.cpp
         Generating Code...
       Link:
         C:\Program Files (x86)\Microsoft Visual Studio 10.0\VC\bin\link.exe /ERRORREPORT:PROMPT /OUT:"D:\Master Vision Artificial\BI\Practices\src\Prac1\Debug\Prac1.exe" /NOLOGO /LIBPATH:"D:\Master Vision Artificial\HSTI\opencv\build\x86\vc10\lib" kernel32.lib user32.lib gdi32.lib winspool.lib comdlg32.lib advapi32.lib shell32.lib ole32.lib oleaut32.lib uuid.lib odbc32.lib odbccp32.lib opencv_imgproc242.lib opencv_core242d.lib opencv_highgui242d.lib opencv_ml242.lib kernel32.lib user32.lib gdi32.lib winspool.lib comdlg32.lib advapi32.lib shell32.lib ole32.lib oleaut32.lib uuid.lib odbc32.lib odbccp32.lib /MANIFEST /ManifestFile:"Debug\Prac1.exe.intermediate.manifest" /MANIFESTUAC:"level='asInvoker' uiAccess='false'" /DEBUG /PDB:"D:\Master Vision Artificial\BI\Practices\src\Prac1\Debug\Prac1.pdb" /TLBID:1 /DYNAMICBASE /NXCOMPAT /IMPLIB:"D:\Master Vision Artificial\BI\Practices\src\Prac1\Debug\Prac1.lib" /MACHINE:X86 Debug\ClassifierBI.obj
         Debug\ClassifierLauncher.obj
         Debug\Global.obj
         Debug\main.obj
         Debug\NBClassifierBI.obj
         Debug\SVMClassifierBI.obj
         Debug\SVMParamsBI.obj
         Prac1.vcxproj -> D:\Master Vision Artificial\BI\Practices\src\Prac1\Debug\Prac1.exe
       Manifest:
         C:\Program Files (x86)\Microsoft SDKs\Windows\v7.0A\bin\mt.exe /nologo /verbose /outputresource:"D:\Master Vision Artificial\BI\Practices\src\Prac1\Debug\Prac1.exe;#1" /manifest Debug\Prac1.exe.intermediate.manifest
       FinalizeBuildStatus:
         Deleting file "Debug\Prac1.unsuccessfulbuild".
         Touching "Debug\Prac1.lastbuildstate".
     1>Done Building Project "D:\Master Vision Artificial\BI\Practices\src\Prac1\Prac1\Prac1.vcxproj" (rebuild target(s)).

Build succeeded.

Time Elapsed 00:00:14.88
