D:\MASTER VISION ARTIFICIAL\BI\PRACTICES\PRAC1\DEBUG\PRAC1.EXE
D:\MASTER VISION ARTIFICIAL\BI\PRACTICES\PRAC1\DEBUG\PRAC1.ILK
D:\MASTER VISION ARTIFICIAL\BI\PRACTICES\PRAC1\DEBUG\PRAC1.PDB
D:\Master Vision Artificial\BI\Practices\Prac1\Prac1\Debug\cl.command.1.tlog
D:\Master Vision Artificial\BI\Practices\Prac1\Prac1\Debug\CL.read.1.tlog
D:\Master Vision Artificial\BI\Practices\Prac1\Prac1\Debug\CL.write.1.tlog
D:\MASTER VISION ARTIFICIAL\BI\PRACTICES\PRAC1\PRAC1\DEBUG\CLASSIFIERBI.OBJ
D:\MASTER VISION ARTIFICIAL\BI\PRACTICES\PRAC1\PRAC1\DEBUG\CLASSIFIERLAUNCHER.OBJ
D:\MASTER VISION ARTIFICIAL\BI\PRACTICES\PRAC1\PRAC1\DEBUG\GLOBAL.OBJ
D:\Master Vision Artificial\BI\Practices\Prac1\Prac1\Debug\link.command.1.tlog
D:\Master Vision Artificial\BI\Practices\Prac1\Prac1\Debug\link.read.1.tlog
D:\Master Vision Artificial\BI\Practices\Prac1\Prac1\Debug\link.write.1.tlog
D:\MASTER VISION ARTIFICIAL\BI\PRACTICES\PRAC1\PRAC1\DEBUG\MAIN.OBJ
D:\Master Vision Artificial\BI\Practices\Prac1\Prac1\Debug\mt.command.1.tlog
D:\Master Vision Artificial\BI\Practices\Prac1\Prac1\Debug\mt.read.1.tlog
D:\Master Vision Artificial\BI\Practices\Prac1\Prac1\Debug\mt.write.1.tlog
D:\MASTER VISION ARTIFICIAL\BI\PRACTICES\PRAC1\PRAC1\DEBUG\NBCLASSIFIERBI.OBJ
D:\MASTER VISION ARTIFICIAL\BI\PRACTICES\PRAC1\PRAC1\DEBUG\PRAC1.EXE.INTERMEDIATE.MANIFEST
D:\Master Vision Artificial\BI\Practices\Prac1\Prac1\Debug\Prac1.vcxprojResolveAssemblyReference.cache
D:\Master Vision Artificial\BI\Practices\Prac1\Prac1\Debug\Prac1.write.1.tlog
D:\MASTER VISION ARTIFICIAL\BI\PRACTICES\PRAC1\PRAC1\DEBUG\SVMCLASSIFIERBI.OBJ
D:\MASTER VISION ARTIFICIAL\BI\PRACTICES\PRAC1\PRAC1\DEBUG\SVMPARAMSBI.OBJ
D:\Master Vision Artificial\BI\Practices\Prac1\Prac1\Debug\vc100.idb
D:\MASTER VISION ARTIFICIAL\BI\PRACTICES\PRAC1\PRAC1\DEBUG\VC100.PDB
